<?xml version="1.0" encoding="UTF-8"?>
<!-- Generated by org.testng.reporters.JUnitReportReporter -->
<testsuite hostname="Delli7Laptop02" failures="0" tests="1" name="com.simplytesting.jsfw.Q1UITest" time="29.726" errors="0" timestamp="2023-03-11T20:02:34 GMT" skipped="0">
  <testcase classname="com.simplytesting.jsfw.Q1UITest" name="question1Test" time="29.726"/>
  <system-out/>
</testsuite> <!-- com.simplytesting.jsfw.Q1UITest -->
